# JRE version: OpenJDK Runtime Environment (17.0+35) (build 17+35-2724)
# Java VM: OpenJDK 64-Bit Server VM (17+35-2724, mixed mode, sharing, tiered, compressed oops, compressed class ptrs, g1 gc, windows-amd64)
GC Precious Log:
 CPUs: 4 total, 4 available
 Memory: 8100M
 Large Page Support: Disabled
 NUMA Support: Disabled
 Compressed Oops: Enabled (32-bit)
 Heap Region Size: 1M
 Heap Min Capacity: 256M
 Heap Initial Capacity: 256M
 Heap Max Capacity: 512M
 Pre-touch: Disabled
 Parallel Workers: 4
 Concurrent Workers: 1
 Concurrent Refinement Workers: 4
 Periodic GC: Disabled
Heap:
 garbage-first heap   total 262144K, used 58964K [0x00000000e0000000, 0x0000000100000000)
  region size 1024K, 39 young (39936K), 20 survivors (20480K)
 Metaspace       used 49925K, committed 50432K, reserved 262144K
  class space    used 7227K, committed 7424K, reserved 212992K
GC Heap History (12 events):
Event: 2.808 GC heap before
{Heap before GC invocations=0 (full 0):
 garbage-first heap   total 262144K, used 18432K [0x00000000e0000000, 0x0000000100000000)
  region size 1024K, 13 young (13312K), 0 survivors (0K)
 Metaspace       used 1221K, committed 1408K, reserved 221184K
  class space    used 106K, committed 192K, reserved 212992K
}
Event: 2.817 GC heap after
{Heap after GC invocations=1 (full 0):
 garbage-first heap   total 262144K, used 8428K [0x00000000e0000000, 0x0000000100000000)
  region size 1024K, 2 young (2048K), 2 survivors (2048K)
 Metaspace       used 1221K, committed 1408K, reserved 221184K
  class space    used 106K, committed 192K, reserved 212992K
}
Event: 3.413 GC heap before
{Heap before GC invocations=1 (full 0):
 garbage-first heap   total 262144K, used 21740K [0x00000000e0000000, 0x0000000100000000)
  region size 1024K, 15 young (15360K), 2 survivors (2048K)
 Metaspace       used 3656K, committed 3840K, reserved 221184K
  class space    used 462K, committed 576K, reserved 212992K
}
Event: 3.416 GC heap after
{Heap after GC invocations=2 (full 0):
 garbage-first heap   total 262144K, used 9405K [0x00000000e0000000, 0x0000000100000000)
  region size 1024K, 1 young (1024K), 1 survivors (1024K)
 Metaspace       used 3656K, committed 3840K, reserved 221184K
  class space    used 462K, committed 576K, reserved 212992K
}
Event: 4.065 GC heap before
{Heap before GC invocations=2 (full 0):
 garbage-first heap   total 262144K, used 37053K [0x00000000e0000000, 0x0000000100000000)
  region size 1024K, 28 young (28672K), 1 survivors (1024K)
 Metaspace       used 3952K, committed 4096K, reserved 221184K
  class space    used 486K, committed 576K, reserved 212992K
}
Event: 4.069 GC heap after
{Heap after GC invocations=3 (full 0):
 garbage-first heap   total 262144K, used 13483K [0x00000000e0000000, 0x0000000100000000)
  region size 1024K, 4 young (4096K), 4 survivors (4096K)
 Metaspace       used 3952K, committed 4096K, reserved 221184K
  class space    used 486K, committed 576K, reserved 212992K
}
Event: 9.126 GC heap before
{Heap before GC invocations=3 (full 0):
 garbage-first heap   total 262144K, used 108715K [0x00000000e0000000, 0x0000000100000000)
  region size 1024K, 98 young (100352K), 4 survivors (4096K)
 Metaspace       used 21269K, committed 21504K, reserved 237568K
  class space    used 3155K, committed 3264K, reserved 212992K
}
Event: 9.142 GC heap after
{Heap after GC invocations=4 (full 0):
 garbage-first heap   total 262144K, used 20639K [0x00000000e0000000, 0x0000000100000000)
  region size 1024K, 11 young (11264K), 11 survivors (11264K)
 Metaspace       used 21269K, committed 21504K, reserved 237568K
  class space    used 3155K, committed 3264K, reserved 212992K
}
Event: 12.088 GC heap before
{Heap before GC invocations=5 (full 0):
 garbage-first heap   total 262144K, used 126111K [0x00000000e0000000, 0x0000000100000000)
  region size 1024K, 112 young (114688K), 11 survivors (11264K)
 Metaspace       used 35996K, committed 36288K, reserved 245760K
  class space    used 4957K, committed 5120K, reserved 212992K
}
Event: 12.111 GC heap after
{Heap after GC invocations=6 (full 0):
 garbage-first heap   total 262144K, used 30257K [0x00000000e0000000, 0x0000000100000000)
  region size 1024K, 17 young (17408K), 17 survivors (17408K)
 Metaspace       used 35996K, committed 36288K, reserved 245760K
  class space    used 4957K, committed 5120K, reserved 212992K
}
Event: 15.835 GC heap before
{Heap before GC invocations=7 (full 0):
 garbage-first heap   total 262144K, used 168497K [0x00000000e0000000, 0x0000000100000000)
  region size 1024K, 153 young (156672K), 17 survivors (17408K)
 Metaspace       used 47903K, committed 48448K, reserved 262144K
  class space    used 6871K, committed 7104K, reserved 212992K
}
Event: 15.880 GC heap after
{Heap after GC invocations=8 (full 0):
 garbage-first heap   total 262144K, used 40532K [0x00000000e0000000, 0x0000000100000000)
  region size 1024K, 20 young (20480K), 20 survivors (20480K)
 Metaspace       used 47903K, committed 48448K, reserved 262144K
  class space    used 6871K, committed 7104K, reserved 212992K
}

